2024-12-03 09:38:13.013 [info] [main] 로그 수준: Info
2024-12-03 09:38:13.013 [info] [main] "git"에서 찾은 git 유효성을 검사하는 중
2024-12-03 09:38:13.013 [info] [main] "2.43.5"에서 git "git"을(를) 사용하는 중
2024-12-03 09:38:13.013 [info] [Model][doInitialScan] Initial repository scan started
2024-12-03 09:38:13.013 [info] > git rev-parse --show-toplevel [5ms]
2024-12-03 09:38:13.013 [info] fatal: not a git repository (or any of the parent directories): .git
2024-12-03 09:38:13.013 [info] > git rev-parse --show-toplevel [2ms]
2024-12-03 09:38:13.013 [info] fatal: not a git repository (or any of the parent directories): .git
2024-12-03 09:38:13.013 [info] > git rev-parse --show-toplevel [1ms]
2024-12-03 09:38:13.013 [info] fatal: not a git repository (or any of the parent directories): .git
2024-12-03 09:38:13.017 [info] > git rev-parse --show-toplevel [2ms]
2024-12-03 09:38:13.017 [info] fatal: not a git repository (or any of the parent directories): .git
2024-12-03 09:38:13.025 [info] > git rev-parse --show-toplevel [3ms]
2024-12-03 09:38:13.025 [info] fatal: not a git repository (or any of the parent directories): .git
2024-12-03 09:38:13.028 [info] > git rev-parse --show-toplevel [1ms]
2024-12-03 09:38:13.028 [info] fatal: not a git repository (or any of the parent directories): .git
2024-12-03 09:38:13.031 [info] [Model][doInitialScan] Initial repository scan completed - repositories (0), closed repositories (0), parent repositories (0), unsafe repositories (0)
2024-12-03 09:49:10.158 [info] > git rev-parse --show-toplevel [2ms]
2024-12-03 09:49:10.158 [info] fatal: not a git repository (or any of the parent directories): .git
2024-12-03 09:55:28.202 [info] > git rev-parse --show-toplevel [1ms]
2024-12-03 09:55:28.202 [info] fatal: not a git repository (or any of the parent directories): .git
2024-12-03 09:58:04.265 [info] > git rev-parse --show-toplevel [1ms]
2024-12-03 09:58:04.265 [info] fatal: not a git repository (or any of the parent directories): .git
2024-12-03 09:58:57.876 [info] > git rev-parse --show-toplevel [1ms]
2024-12-03 09:58:57.876 [info] fatal: not a git repository (or any of the parent directories): .git
2024-12-03 09:59:00.028 [info] > git rev-parse --show-toplevel [2ms]
2024-12-03 09:59:00.028 [info] fatal: not a git repository (or any of the parent directories): .git
2024-12-03 09:59:02.393 [info] > git rev-parse --show-toplevel [1ms]
2024-12-03 09:59:02.394 [info] fatal: not a git repository (or any of the parent directories): .git
2024-12-03 09:59:04.013 [info] > git rev-parse --show-toplevel [2ms]
2024-12-03 09:59:04.013 [info] fatal: not a git repository (or any of the parent directories): .git
2024-12-03 09:59:39.233 [info] > git rev-parse --show-toplevel [2ms]
2024-12-03 09:59:39.233 [info] fatal: not a git repository (or any of the parent directories): .git
2024-12-03 10:45:49.093 [info] > git rev-parse --show-toplevel [2ms]
2024-12-03 10:45:49.093 [info] fatal: not a git repository (or any of the parent directories): .git
2024-12-03 10:45:53.479 [info] > git rev-parse --show-toplevel [1ms]
2024-12-03 10:45:53.479 [info] fatal: not a git repository (or any of the parent directories): .git
2024-12-03 11:02:16.157 [info] > git rev-parse --show-toplevel [2ms]
2024-12-03 11:02:16.157 [info] fatal: not a git repository (or any of the parent directories): .git
2024-12-03 11:02:16.974 [info] > git rev-parse --show-toplevel [1ms]
2024-12-03 11:02:16.974 [info] fatal: not a git repository (or any of the parent directories): .git
2024-12-03 11:02:17.684 [info] > git rev-parse --show-toplevel [2ms]
2024-12-03 11:02:17.684 [info] fatal: not a git repository (or any of the parent directories): .git
