2024-12-11 09:17:44.252 [info] [main] 로그 수준: Info
2024-12-11 09:17:44.252 [info] [main] "git"에서 찾은 git 유효성을 검사하는 중
2024-12-11 09:17:44.252 [info] [main] "2.43.5"에서 git "git"을(를) 사용하는 중
2024-12-11 09:17:44.252 [info] [Model][doInitialScan] Initial repository scan started
2024-12-11 09:17:44.252 [info] > git rev-parse --show-toplevel [13ms]
2024-12-11 09:17:44.252 [info] fatal: not a git repository (or any of the parent directories): .git
2024-12-11 09:17:44.252 [info] > git rev-parse --show-toplevel [35ms]
2024-12-11 09:17:44.252 [info] fatal: not a git repository (or any of the parent directories): .git
2024-12-11 09:17:44.257 [info] > git rev-parse --show-toplevel [1ms]
2024-12-11 09:17:44.257 [info] fatal: not a git repository (or any of the parent directories): .git
2024-12-11 09:17:44.263 [info] > git rev-parse --show-toplevel [4ms]
2024-12-11 09:17:44.263 [info] fatal: not a git repository (or any of the parent directories): .git
2024-12-11 09:17:44.266 [info] > git rev-parse --show-toplevel [1ms]
2024-12-11 09:17:44.266 [info] fatal: not a git repository (or any of the parent directories): .git
2024-12-11 09:17:44.269 [info] > git rev-parse --show-toplevel [1ms]
2024-12-11 09:17:44.269 [info] fatal: not a git repository (or any of the parent directories): .git
2024-12-11 09:17:44.272 [info] > git rev-parse --show-toplevel [1ms]
2024-12-11 09:17:44.272 [info] fatal: not a git repository (or any of the parent directories): .git
2024-12-11 09:17:44.275 [info] > git rev-parse --show-toplevel [1ms]
2024-12-11 09:17:44.275 [info] fatal: not a git repository (or any of the parent directories): .git
2024-12-11 09:17:44.278 [info] > git rev-parse --show-toplevel [1ms]
2024-12-11 09:17:44.278 [info] fatal: not a git repository (or any of the parent directories): .git
2024-12-11 09:17:44.281 [info] > git rev-parse --show-toplevel [1ms]
2024-12-11 09:17:44.281 [info] fatal: not a git repository (or any of the parent directories): .git
2024-12-11 09:17:44.284 [info] > git rev-parse --show-toplevel [1ms]
2024-12-11 09:17:44.284 [info] fatal: not a git repository (or any of the parent directories): .git
2024-12-11 09:17:44.287 [info] > git rev-parse --show-toplevel [1ms]
2024-12-11 09:17:44.287 [info] fatal: not a git repository (or any of the parent directories): .git
2024-12-11 09:17:44.290 [info] > git rev-parse --show-toplevel [1ms]
2024-12-11 09:17:44.290 [info] fatal: not a git repository (or any of the parent directories): .git
2024-12-11 09:17:44.292 [info] > git rev-parse --show-toplevel [1ms]
2024-12-11 09:17:44.292 [info] fatal: not a git repository (or any of the parent directories): .git
2024-12-11 09:17:44.295 [info] > git rev-parse --show-toplevel [1ms]
2024-12-11 09:17:44.295 [info] fatal: not a git repository (or any of the parent directories): .git
2024-12-11 09:17:44.297 [info] [Model][doInitialScan] Initial repository scan completed - repositories (0), closed repositories (0), parent repositories (0), unsafe repositories (0)
2024-12-11 09:17:44.664 [info] > git rev-parse --show-toplevel [1ms]
2024-12-11 09:17:44.664 [info] fatal: not a git repository (or any of the parent directories): .git
